{"/home/ana/Documentos/Dev-Full-Stack/modulo3/Semana1/EXS01/ecommerce/src/components/Button.jsx": {"path":"/home/ana/Documentos/Dev-Full-Stack/modulo3/Semana1/EXS01/ecommerce/src/components/Button.jsx","statementMap":{"0":{"start":{"line":10,"column":2},"end":{"line":16,"column":4}}},"fnMap":{"0":{"name":"Button","decl":{"start":{"line":4,"column":9},"end":{"line":4,"column":15}},"loc":{"start":{"line":9,"column":3},"end":{"line":17,"column":1}},"line":9}},"branchMap":{"0":{"loc":{"start":{"line":7,"column":2},"end":{"line":7,"column":18}},"type":"default-arg","locations":[{"start":{"line":7,"column":9},"end":{"line":7,"column":18}}],"line":7}},"s":{"0":1},"f":{"0":1},"b":{"0":[1]},"_coverageSchema":"1a1c01bbd47fc00a2c39e90264f33305004495a9","hash":"8afe8beb505fe4c2e29c6ca8ca471ec12a964011"}
,"/home/ana/Documentos/Dev-Full-Stack/modulo3/Semana1/EXS01/ecommerce/src/components/Navbar/Navbar.jsx": {"path":"/home/ana/Documentos/Dev-Full-Stack/modulo3/Semana1/EXS01/ecommerce/src/components/Navbar/Navbar.jsx","statementMap":{"0":{"start":{"line":6,"column":2},"end":{"line":12,"column":4}}},"fnMap":{"0":{"name":"Navbar","decl":{"start":{"line":4,"column":9},"end":{"line":4,"column":15}},"loc":{"start":{"line":4,"column":27},"end":{"line":13,"column":1}},"line":4}},"branchMap":{},"s":{"0":4},"f":{"0":4},"b":{},"_coverageSchema":"1a1c01bbd47fc00a2c39e90264f33305004495a9","hash":"6de0a254115667d458b47c01860f4985fb476de2"}
,"/home/ana/Documentos/Dev-Full-Stack/modulo3/Semana1/EXS01/ecommerce/src/pages/MainPage.jsx": {"path":"/home/ana/Documentos/Dev-Full-Stack/modulo3/Semana1/EXS01/ecommerce/src/pages/MainPage.jsx","statementMap":{"0":{"start":{"line":5,"column":2},"end":{"line":10,"column":4}}},"fnMap":{"0":{"name":"MainPage","decl":{"start":{"line":3,"column":9},"end":{"line":3,"column":17}},"loc":{"start":{"line":3,"column":19},"end":{"line":11,"column":1}},"line":3}},"branchMap":{},"s":{"0":1},"f":{"0":1},"b":{},"_coverageSchema":"1a1c01bbd47fc00a2c39e90264f33305004495a9","hash":"e31c83ba36340f6148e4898cd9a64060f5e770de"}
,"/home/ana/Documentos/Dev-Full-Stack/modulo3/Semana1/EXS01/ecommerce/src/pages/404/404.jsx": {"path":"/home/ana/Documentos/Dev-Full-Stack/modulo3/Semana1/EXS01/ecommerce/src/pages/404/404.jsx","statementMap":{"0":{"start":{"line":6,"column":2},"end":{"line":11,"column":4}}},"fnMap":{"0":{"name":"Error","decl":{"start":{"line":4,"column":9},"end":{"line":4,"column":14}},"loc":{"start":{"line":4,"column":16},"end":{"line":12,"column":1}},"line":4}},"branchMap":{},"s":{"0":1},"f":{"0":1},"b":{},"_coverageSchema":"1a1c01bbd47fc00a2c39e90264f33305004495a9","hash":"9d91db893b17a1f5982b9483d383a1045d1cb39a"}
,"/home/ana/Documentos/Dev-Full-Stack/modulo3/Semana1/EXS01/ecommerce/src/pages/Carrinho/Carrinho.jsx": {"path":"/home/ana/Documentos/Dev-Full-Stack/modulo3/Semana1/EXS01/ecommerce/src/pages/Carrinho/Carrinho.jsx","statementMap":{"0":{"start":{"line":7,"column":38},"end":{"line":7,"column":49}},"1":{"start":{"line":8,"column":48},"end":{"line":8,"column":63}},"2":{"start":{"line":10,"column":2},"end":{"line":16,"column":17}},"3":{"start":{"line":11,"column":14},"end":{"line":11,"column":15}},"4":{"start":{"line":12,"column":4},"end":{"line":14,"column":5}},"5":{"start":{"line":12,"column":17},"end":{"line":12,"column":18}},"6":{"start":{"line":13,"column":6},"end":{"line":13,"column":43}},"7":{"start":{"line":15,"column":4},"end":{"line":15,"column":34}},"8":{"start":{"line":18,"column":25},"end":{"line":20,"column":3}},"9":{"start":{"line":19,"column":4},"end":{"line":19,"column":41}},"10":{"start":{"line":22,"column":2},"end":{"line":54,"column":4}},"11":{"start":{"line":29,"column":14},"end":{"line":35,"column":20}}},"fnMap":{"0":{"name":"Carrinho","decl":{"start":{"line":6,"column":9},"end":{"line":6,"column":17}},"loc":{"start":{"line":6,"column":32},"end":{"line":55,"column":1}},"line":6},"1":{"name":"(anonymous_1)","decl":{"start":{"line":10,"column":12},"end":{"line":10,"column":13}},"loc":{"start":{"line":10,"column":18},"end":{"line":16,"column":3}},"line":10},"2":{"name":"(anonymous_2)","decl":{"start":{"line":18,"column":25},"end":{"line":18,"column":26}},"loc":{"start":{"line":18,"column":31},"end":{"line":20,"column":3}},"line":18},"3":{"name":"(anonymous_3)","decl":{"start":{"line":28,"column":26},"end":{"line":28,"column":27}},"loc":{"start":{"line":29,"column":14},"end":{"line":35,"column":20}},"line":29}},"branchMap":{"0":{"loc":{"start":{"line":25,"column":7},"end":{"line":52,"column":7}},"type":"binary-expr","locations":[{"start":{"line":25,"column":7},"end":{"line":25,"column":22}},{"start":{"line":26,"column":8},"end":{"line":51,"column":14}}],"line":25}},"s":{"0":6,"1":6,"2":6,"3":3,"4":3,"5":3,"6":0,"7":3,"8":6,"9":0,"10":6,"11":0},"f":{"0":6,"1":3,"2":0,"3":0},"b":{"0":[6,0]},"_coverageSchema":"1a1c01bbd47fc00a2c39e90264f33305004495a9","hash":"d09bc79a430d9cdc4f18f179c46c638df75aa6f1"}
,"/home/ana/Documentos/Dev-Full-Stack/modulo3/Semana1/EXS01/ecommerce/src/pages/Checkout/Checkout.jsx": {"path":"/home/ana/Documentos/Dev-Full-Stack/modulo3/Semana1/EXS01/ecommerce/src/pages/Checkout/Checkout.jsx","statementMap":{"0":{"start":{"line":6,"column":38},"end":{"line":6,"column":49}},"1":{"start":{"line":7,"column":48},"end":{"line":7,"column":63}},"2":{"start":{"line":9,"column":2},"end":{"line":16,"column":17}},"3":{"start":{"line":10,"column":14},"end":{"line":10,"column":15}},"4":{"start":{"line":12,"column":4},"end":{"line":14,"column":5}},"5":{"start":{"line":12,"column":17},"end":{"line":12,"column":18}},"6":{"start":{"line":13,"column":6},"end":{"line":13,"column":31}},"7":{"start":{"line":15,"column":4},"end":{"line":15,"column":23}},"8":{"start":{"line":18,"column":25},"end":{"line":20,"column":3}},"9":{"start":{"line":19,"column":4},"end":{"line":19,"column":41}},"10":{"start":{"line":23,"column":2},"end":{"line":66,"column":4}}},"fnMap":{"0":{"name":"Checkout","decl":{"start":{"line":4,"column":9},"end":{"line":4,"column":17}},"loc":{"start":{"line":4,"column":30},"end":{"line":67,"column":1}},"line":4},"1":{"name":"(anonymous_1)","decl":{"start":{"line":9,"column":12},"end":{"line":9,"column":13}},"loc":{"start":{"line":9,"column":18},"end":{"line":16,"column":3}},"line":9},"2":{"name":"(anonymous_2)","decl":{"start":{"line":18,"column":25},"end":{"line":18,"column":26}},"loc":{"start":{"line":18,"column":31},"end":{"line":20,"column":3}},"line":18}},"branchMap":{"0":{"loc":{"start":{"line":26,"column":7},"end":{"line":64,"column":7}},"type":"binary-expr","locations":[{"start":{"line":26,"column":7},"end":{"line":26,"column":22}},{"start":{"line":27,"column":8},"end":{"line":63,"column":12}}],"line":26}},"s":{"0":1,"1":1,"2":1,"3":1,"4":1,"5":1,"6":0,"7":1,"8":1,"9":0,"10":1},"f":{"0":1,"1":1,"2":0},"b":{"0":[1,0]},"_coverageSchema":"1a1c01bbd47fc00a2c39e90264f33305004495a9","hash":"4cd55b3cffc5772abace268ff012570b35469240"}
,"/home/ana/Documentos/Dev-Full-Stack/modulo3/Semana1/EXS01/ecommerce/src/pages/Produtos/Produtos.jsx": {"path":"/home/ana/Documentos/Dev-Full-Stack/modulo3/Semana1/EXS01/ecommerce/src/pages/Produtos/Produtos.jsx","statementMap":{"0":{"start":{"line":8,"column":34},"end":{"line":8,"column":48}},"1":{"start":{"line":9,"column":34},"end":{"line":9,"column":46}},"2":{"start":{"line":10,"column":30},"end":{"line":10,"column":42}},"3":{"start":{"line":12,"column":30},"end":{"line":25,"column":3}},"4":{"start":{"line":14,"column":35},"end":{"line":14,"column":87}},"5":{"start":{"line":14,"column":64},"end":{"line":14,"column":86}},"6":{"start":{"line":16,"column":4},"end":{"line":23,"column":5}},"7":{"start":{"line":18,"column":6},"end":{"line":18,"column":66}},"8":{"start":{"line":21,"column":6},"end":{"line":21,"column":64}},"9":{"start":{"line":27,"column":2},"end":{"line":32,"column":15}},"10":{"start":{"line":28,"column":30},"end":{"line":30,"column":5}},"11":{"start":{"line":29,"column":6},"end":{"line":29,"column":63}},"12":{"start":{"line":31,"column":4},"end":{"line":31,"column":35}},"13":{"start":{"line":34,"column":2},"end":{"line":62,"column":4}},"14":{"start":{"line":49,"column":25},"end":{"line":49,"column":50}},"15":{"start":{"line":53,"column":8},"end":{"line":58,"column":14}},"16":{"start":{"line":57,"column":33},"end":{"line":57,"column":55}}},"fnMap":{"0":{"name":"Produtos","decl":{"start":{"line":6,"column":9},"end":{"line":6,"column":17}},"loc":{"start":{"line":6,"column":19},"end":{"line":63,"column":1}},"line":6},"1":{"name":"(anonymous_1)","decl":{"start":{"line":12,"column":30},"end":{"line":12,"column":31}},"loc":{"start":{"line":12,"column":43},"end":{"line":25,"column":3}},"line":12},"2":{"name":"(anonymous_2)","decl":{"start":{"line":14,"column":54},"end":{"line":14,"column":55}},"loc":{"start":{"line":14,"column":64},"end":{"line":14,"column":86}},"line":14},"3":{"name":"(anonymous_3)","decl":{"start":{"line":27,"column":12},"end":{"line":27,"column":13}},"loc":{"start":{"line":27,"column":18},"end":{"line":32,"column":3}},"line":27},"4":{"name":"(anonymous_4)","decl":{"start":{"line":28,"column":42},"end":{"line":28,"column":43}},"loc":{"start":{"line":29,"column":6},"end":{"line":29,"column":63}},"line":29},"5":{"name":"(anonymous_5)","decl":{"start":{"line":49,"column":18},"end":{"line":49,"column":19}},"loc":{"start":{"line":49,"column":25},"end":{"line":49,"column":50}},"line":49},"6":{"name":"(anonymous_6)","decl":{"start":{"line":52,"column":20},"end":{"line":52,"column":21}},"loc":{"start":{"line":53,"column":8},"end":{"line":58,"column":14}},"line":53},"7":{"name":"(anonymous_7)","decl":{"start":{"line":57,"column":27},"end":{"line":57,"column":28}},"loc":{"start":{"line":57,"column":33},"end":{"line":57,"column":55}},"line":57}},"branchMap":{"0":{"loc":{"start":{"line":16,"column":4},"end":{"line":23,"column":5}},"type":"if","locations":[{"start":{"line":16,"column":4},"end":{"line":23,"column":5}},{"start":{"line":20,"column":11},"end":{"line":23,"column":5}}],"line":16}},"s":{"0":4,"1":4,"2":4,"3":4,"4":0,"5":0,"6":0,"7":0,"8":0,"9":4,"10":2,"11":18,"12":2,"13":4,"14":0,"15":36,"16":0},"f":{"0":4,"1":0,"2":0,"3":2,"4":18,"5":0,"6":36,"7":0},"b":{"0":[0,0]},"_coverageSchema":"1a1c01bbd47fc00a2c39e90264f33305004495a9","hash":"be2a0ba3798641081acae0629befeaab048b1adb"}
}
